[2025/04/08 03:39:09]: §9          __             _       
[2025/04/08 03:39:09]: §9  _ __   / /  ___   __ _(_)_ __  
[2025/04/08 03:39:09]: §9 | '_ \ / /  / _ \ / _` | | '_ \ 
[2025/04/08 03:39:09]: §9 | | | / /__| (_) | (_| | | | | |
[2025/04/08 03:39:09]: §9 |_| |_\____/\___/ \__, |_|_| |_|
[2025/04/08 03:39:09]: §9                  |___/            
[2025/04/08 03:39:09]: §9 By: www.nickuc.com - V 10.4.21
[2025/04/08 03:39:09]: §9 
[2025/04/08 03:39:09]: §3[nLogin] [DEBUG] The config.yml file was created successfully.
[2025/04/08 03:39:10]: §3[nLogin] [DEBUG] All settings were loaded in 953 ms.
[2025/04/08 03:39:11]: §3[nLogin] [DEBUG] Loading the messages_en.yml message file...
[2025/04/08 03:39:11]: §3[nLogin] [DEBUG] All plugin messages were loaded in 56 ms (languageByClient=false).
[2025/04/08 03:39:11]: §3[nLogin] [DEBUG] All proxy settings were loaded in 2 ms.
[2025/04/08 03:39:11]: §3[nLogin] [DEBUG] Loading database...
[2025/04/08 03:39:11]: [nLogin] Generating RSA keypair... (this may take a while)
[2025/04/08 03:39:11]: [nLogin] The RSA key pair was successfully generated. Took 0.66s
[2025/04/08 03:39:12]: §3[nLogin] [DEBUG] Starting logger filter...
[2025/04/08 03:39:40]: 
[2025/04/08 03:39:40]:  §bThank you so much for choosing nLogin! §4<3
[2025/04/08 03:39:40]: 
[2025/04/08 03:39:40]:  §4For your safety, please read the message below:
[2025/04/08 03:39:40]:   §cNever download nLogin from unknown sources.
[2025/04/08 03:39:40]:   §cA modified version may contain malicious software.
[2025/04/08 03:39:40]: 
[2025/04/08 03:39:40]:  §3Trusted sources:
[2025/04/08 03:39:40]:   §bwww.nickuc.com
[2025/04/08 03:39:40]:   §bwww.github.com/nickuc
[2025/04/08 03:39:40]:   §bOpeNLogin installer (from Spigot or GitHub)
[2025/04/08 03:39:40]: 
[2025/04/08 03:39:40]:  §3Official support channels:
[2025/04/08 03:39:40]:   §bDiscord group: §fwww.nickuc.com/discord
[2025/04/08 03:39:40]:   §bDocumentation: §fdocs.nickuc.com/nlogin/
[2025/04/08 03:39:40]:   §bEmail: §fsupport@nickuc.com
[2025/04/08 03:39:40]:   §bYouTube: §fyoutube.com/nickuc
[2025/04/08 03:39:40]: 
[2025/04/08 03:39:40]:  §eTo remove this warning, log in with "nlogin.admin" permission on the server
[2025/04/08 03:39:40]:  §eand click the "Setup plugin" button to configure your plugin.
[2025/04/08 03:39:40]: 
