[2025/04/05 23:09:51]: §9          __             _       
[2025/04/05 23:09:51]: §9  _ __   / /  ___   __ _(_)_ __  
[2025/04/05 23:09:51]: §9 | '_ \ / /  / _ \ / _` | | '_ \ 
[2025/04/05 23:09:51]: §9 | | | / /__| (_) | (_| | | | | |
[2025/04/05 23:09:51]: §9 |_| |_\____/\___/ \__, |_|_| |_|
[2025/04/05 23:09:51]: §9                  |___/            
[2025/04/05 23:09:51]: §9 By: www.nickuc.com - V 10.4.21
[2025/04/05 23:09:51]: §9 
[2025/04/05 23:09:52]: §3[nLogin] [DEBUG] All settings were loaded in 106 ms.
[2025/04/05 23:09:52]: §3[nLogin] [DEBUG] Loading the messages_en.yml message file...
[2025/04/05 23:09:52]: §3[nLogin] [DEBUG] All plugin messages were loaded in 48 ms (languageByClient=false).
[2025/04/05 23:09:52]: §3[nLogin] [DEBUG] All proxy settings were loaded in 1 ms.
[2025/04/05 23:09:52]: §3[nLogin] [DEBUG] Loading database...
[2025/04/05 23:09:52]: §3[nLogin] [DEBUG] Starting logger filter...
[2025/04/05 23:10:09]: §3[nLogin] [DEBUG] [SQLite] [UPDATE]: "UPDATE `nlogin` SET `last_name` = 'wuyl12', `unique_id` = 93accafa0c2b31d5b8d3195a7db150ef,  `mojang_id` = null,  `bedrock_id` = null,  `password` = '$2a$10$nI5Q7H07Wbg2Vp42m7/l3.jn36c1SjSpUKisQjOVPCmA0nRU/rx5e', `last_ip` = '127.218.98.84', `creation_date` = 2025-04-03 23:11:03.569, `last_seen` = 2025-04-05 23:10:09.31, `email` = null, `discord` = null, `settings` = '{"settings":[{"value":"en","key":"language"}],"version":0}' WHERE `ai` = 1" (applied to [last_ip, last_seen, settings] columns)
[2025/04/05 23:10:09]: [nLogin] The user wuyl12 has successfully logged in.
[2025/04/05 23:12:39]: §3[nLogin] [DEBUG] [SQLite] [UPDATE]: "INSERT INTO `nlogin` (`last_name`, `unique_id`, `mojang_id`, `bedrock_id`, `password`, `last_ip`, `creation_date`, `last_seen`, `email`, `discord`, `settings`) VALUES ('smith', 802586021c583645a5ccdfd6de35a91e, null, null, '$2a$10$OpnrR7x/1UMjLQp26YzJRO84nOz8Gg.DLouZpHdzbE6hyj1lRu/cq', '127.218.98.84', '2025-04-05 23:12:39.73', '2025-04-05 23:12:39.73', null, null, '{"settings":[{"value":true,"key":"force-invalid-session"}],"version":0}')" (applied to all columns)
[2025/04/05 23:12:39]: [nLogin] The user smith has successfully registered.
[2025/04/05 23:13:31]: §3[nLogin] [DEBUG] [SQLite] [UPDATE]: "UPDATE `nlogin` SET `last_name` = 'smith', `unique_id` = 802586021c583645a5ccdfd6de35a91e,  `mojang_id` = null,  `bedrock_id` = null,  `password` = '$2a$10$OpnrR7x/1UMjLQp26YzJRO84nOz8Gg.DLouZpHdzbE6hyj1lRu/cq', `last_ip` = '127.218.98.84', `creation_date` = 2025-04-05 23:12:39.73, `last_seen` = 2025-04-05 23:13:31.303, `email` = null, `discord` = null, `settings` = '{"settings":[{"value":true,"key":"force-invalid-session"},{"value":"en","key":"language"}],"version":0}' WHERE `ai` = 2" (applied to [last_seen, settings] columns)
[2025/04/05 23:24:42]: [nLogin] Successful plugin core shutdown (took 0.00s)
