[2025/04/06 23:09:25]: §9          __             _       
[2025/04/06 23:09:25]: §9  _ __   / /  ___   __ _(_)_ __  
[2025/04/06 23:09:25]: §9 | '_ \ / /  / _ \ / _` | | '_ \ 
[2025/04/06 23:09:25]: §9 | | | / /__| (_) | (_| | | | | |
[2025/04/06 23:09:25]: §9 |_| |_\____/\___/ \__, |_|_| |_|
[2025/04/06 23:09:25]: §9                  |___/            
[2025/04/06 23:09:25]: §9 By: www.nickuc.com - V 10.4.21
[2025/04/06 23:09:25]: §9 
[2025/04/06 23:09:25]: §3[nLogin] [DEBUG] All settings were loaded in 92 ms.
[2025/04/06 23:09:25]: §3[nLogin] [DEBUG] Loading the messages_en.yml message file...
[2025/04/06 23:09:25]: §3[nLogin] [DEBUG] All plugin messages were loaded in 57 ms (languageByClient=false).
[2025/04/06 23:09:25]: §3[nLogin] [DEBUG] All proxy settings were loaded in 3 ms.
[2025/04/06 23:09:25]: §3[nLogin] [DEBUG] Loading database...
[2025/04/06 23:09:26]: §3[nLogin] [DEBUG] Starting logger filter...
[2025/04/06 23:34:59]: §3[nLogin] [DEBUG] [SQLite] [UPDATE]: "UPDATE `nlogin` SET `last_name` = 'wuyl12', `unique_id` = 93accafa0c2b31d5b8d3195a7db150ef,  `mojang_id` = null,  `bedrock_id` = null,  `password` = '$2a$10$nI5Q7H07Wbg2Vp42m7/l3.jn36c1SjSpUKisQjOVPCmA0nRU/rx5e', `last_ip` = '127.162.49.85', `creation_date` = 2025-04-03 23:11:03.569, `last_seen` = 2025-04-06 23:34:59.716, `email` = null, `discord` = null, `settings` = '{"settings":[{"value":"en","key":"language"}],"version":0}' WHERE `ai` = 1" (applied to [last_ip, last_seen, settings] columns)
[2025/04/06 23:34:59]: [nLogin] The user wuyl12 has successfully logged in.
[2025/04/06 23:39:38]: §3[nLogin] [DEBUG] [SQLite] [UPDATE]: "UPDATE `nlogin` SET `last_name` = 'wuyl12', `unique_id` = 93accafa0c2b31d5b8d3195a7db150ef,  `mojang_id` = null,  `bedrock_id` = null,  `password` = '$2a$10$nI5Q7H07Wbg2Vp42m7/l3.jn36c1SjSpUKisQjOVPCmA0nRU/rx5e', `last_ip` = '127.162.49.85', `creation_date` = 2025-04-03 23:11:03.569, `last_seen` = 2025-04-06 23:39:38.11, `email` = null, `discord` = null, `settings` = '{"settings":[{"value":"en","key":"language"}],"version":0}' WHERE `ai` = 1" (applied to [last_seen, settings] columns)
[2025/04/06 23:39:51]: §3[nLogin] [DEBUG] [SQLite] [UPDATE]: "UPDATE `nlogin` SET `last_name` = 'wuyl12', `unique_id` = 93accafa0c2b31d5b8d3195a7db150ef,  `mojang_id` = null,  `bedrock_id` = null,  `password` = '$2a$10$nI5Q7H07Wbg2Vp42m7/l3.jn36c1SjSpUKisQjOVPCmA0nRU/rx5e', `last_ip` = '127.162.49.85', `creation_date` = 2025-04-03 23:11:03.569, `last_seen` = 2025-04-06 23:39:50.994, `email` = null, `discord` = null, `settings` = '{"settings":[{"value":"en","key":"language"}],"version":0}' WHERE `ai` = 1" (applied to [last_ip, last_seen, settings] columns)
[2025/04/06 23:39:51]: [nLogin] The user wuyl12 has successfully logged in.
[2025/04/06 23:47:49]: §3[nLogin] [DEBUG] [SQLite] [UPDATE]: "UPDATE `nlogin` SET `last_name` = 'wuyl12', `unique_id` = 93accafa0c2b31d5b8d3195a7db150ef,  `mojang_id` = null,  `bedrock_id` = null,  `password` = '$2a$10$nI5Q7H07Wbg2Vp42m7/l3.jn36c1SjSpUKisQjOVPCmA0nRU/rx5e', `last_ip` = '127.162.49.85', `creation_date` = 2025-04-03 23:11:03.569, `last_seen` = 2025-04-06 23:47:49.204, `email` = null, `discord` = null, `settings` = '{"settings":[{"value":"en","key":"language"}],"version":0}' WHERE `ai` = 1" (applied to [last_seen, settings] columns)
[2025/04/06 23:47:51]: [nLogin] Successful plugin core shutdown (took 0.00s)
