/*C14*/SET SCHEMA PUBLIC
SET DATABASE TRANSACTION CONTROL MVLOCKS
/*C15*/SET SCHEMA PUBLIC
SET DATABASE TRANSACTION CONTROL MVLOCKS
/*C16*/SET SCHEMA PUBLIC
SET DATABASE TRANSACTION CONTROL MVLOCKS
/*C17*/SET SCHEMA PUBLIC
SET DATABASE TRANSACTION CONTROL MVLOCKS
/*C18*/SET SCHEMA PUBLIC
SET DATABASE TRANSACTION CONTROL MVLOCKS
/*C19*/SET SCHEMA PUBLIC
SET DATABASE TRANSACTION CONTROL MVLOCKS
/*C14*/SET SCHEMA "PUBLIC"
/*C15*/DISCONNECT
/*C20*/SET SCHEMA PUBLIC
SET DATABASE TRANSACTION CONTROL MVLOCKS
/*C19*/DISCONNECT
/*C21*/SET SCHEMA PUBLIC
SET DATABASE TRANSACTION CONTROL MVLOCKS
/*C17*/DISCONNECT
/*C22*/SET SCHEMA PUBLIC
SET DATABASE TRANSACTION CONTROL MVLOCKS
/*C14*/DISCONNECT
/*C23*/SET SCHEMA PUBLIC
SET DATABASE TRANSACTION CONTROL MVLOCKS
/*C16*/DISCONNECT
/*C24*/SET SCHEMA PUBLIC
SET DATABASE TRANSACTION CONTROL MVLOCKS
/*C18*/DISCONNECT
/*C25*/SET SCHEMA PUBLIC
SET DATABASE TRANSACTION CONTROL MVLOCKS
/*C20*/DELETE FROM "libertybans_names" WHERE "uuid"='93accafa-0c2b-31d5-b8d3-195a7db150ef' AND "name"='wuyl12' AND "lower_name"='wuyl12' AND "updated"=1743970335
INSERT INTO "libertybans_names" VALUES('93accafa-0c2b-31d5-b8d3-195a7db150ef','wuyl12','wuyl12',1743982489)
DELETE FROM "libertybans_addresses" WHERE "uuid"='93accafa-0c2b-31d5-b8d3-195a7db150ef' AND "address"='7fa23155' AND "updated"=1743970335
INSERT INTO "libertybans_addresses" VALUES('93accafa-0c2b-31d5-b8d3-195a7db150ef','7fa23155',1743982489)
COMMIT
